"30 Aug 2024 15:09:04 - File upload has started"
"30 Aug 2024 15:09:04 - File 39e57419-90a9-4e92-8967-4cfe5e02f389.jpg upload has finished"
"30 Aug 2024 15:09:11 - File upload has started"
"30 Aug 2024 15:09:11 - File 71d0eb51-9231-4251-9501-fce404e124a8.jpg upload has finished"
"12 Sep 2024 12:22:32 - File upload has started"
"12 Sep 2024 12:22:32 - File [object Object] upload has finished"
"12 Sep 2024 12:24:30 - File upload has started"
"12 Sep 2024 12:24:30 - File Cinema upload has finished"
"12 Sep 2024 12:47:50 - File upload has started"
"12 Sep 2024 12:47:50 - File Cinema upload has finished"
"12 Sep 2024 15:11:03 - File upload has started"
"12 Sep 2024 15:11:03 - File undefined upload has finished"
"12 Sep 2024 15:18:21 - File upload has started"
"12 Sep 2024 15:18:21 - File Cinema upload has finished"
"12 Sep 2024 15:25:51 - File upload has started"
"12 Sep 2024 15:26:14 - File upload has started"
"12 Sep 2024 15:26:14 - File Cinema upload has finished"
"12 Sep 2024 15:42:41 - File upload has started"
"12 Sep 2024 15:42:41 - File 0c3e1ef6-ae38-492f-ae76-c1bb78567181.mp4 upload has finished"
"12 Sep 2024 15:44:55 - File upload has started"
"12 Sep 2024 15:45:20 - File upload has started"
"12 Sep 2024 15:46:17 - File upload has started"
"12 Sep 2024 15:54:10 - File upload has started"
"12 Sep 2024 15:54:37 - File upload has started"
"12 Sep 2024 15:54:37 - Error occurred, file upload was failed"
"12 Sep 2024 15:57:58 - File upload has started"
"12 Sep 2024 15:57:58 - Error occurred, file upload was failed"
"12 Sep 2024 16:00:09 - File upload has started"
"12 Sep 2024 16:00:09 - Error occurred, file upload was failed"
"12 Sep 2024 16:01:20 - File upload has started"
"12 Sep 2024 16:01:20 - Error occurred, file upload was failed"
"13 Sep 2024 10:09:02 - File upload has started"
"13 Sep 2024 10:15:20 - File upload has started"
"13 Sep 2024 10:16:08 - File upload has started"
"13 Sep 2024 10:18:47 - File upload has started"
"13 Sep 2024 10:33:56 - File upload has started"
"13 Sep 2024 10:33:56 - File 8eee1d44-46ef-4295-96c7-8166c51d5f15.mp4 upload has finished"
"13 Sep 2024 10:59:09 - File upload has started"
"13 Sep 2024 10:59:09 - File b8b777be-4dfb-497a-9964-be8a6447f2b9.mp4 upload has finished"
"13 Sep 2024 11:01:38 - File upload has started"
"13 Sep 2024 11:04:08 - File upload has started"
"13 Sep 2024 11:06:58 - File upload has started"
"13 Sep 2024 11:09:51 - File upload has started"
"13 Sep 2024 11:10:30 - File upload has started"
"13 Sep 2024 11:11:49 - File upload has started"
"13 Sep 2024 11:12:44 - File upload has started"
"13 Sep 2024 11:15:17 - File upload has started"
"13 Sep 2024 11:16:18 - File upload has started"
"13 Sep 2024 11:16:35 - File upload has started"
"13 Sep 2024 11:16:35 - File c5f42070-7f8f-414d-ad54-814b9b6df39a.mp4 upload has finished"
"13 Sep 2024 11:17:28 - File upload has started"
"13 Sep 2024 11:19:38 - File upload has started"
"13 Sep 2024 11:19:38 - File c096e0a1-0d50-4655-9fe3-32b6a4ae1911.jpg upload has finished"
